# JRE version: OpenJDK Runtime Environment (7.0_95) (build 1.7.0_95-b00)
# Java VM: OpenJDK 64-Bit Server VM (24.95-b01 mixed mode linux-amd64 compressed oops)
Heap
 PSYoungGen      total 148480K, used 91073K [0x00000000f5500000, 0x00000000ff100000, 0x0000000100000000)
  eden space 138752K, 59% used [0x00000000f5500000,0x00000000fa5f2810,0x00000000fdc80000)
  from space 9728K, 84% used [0x00000000fe680000,0x00000000fee7dd20,0x00000000ff000000)
  to   space 10240K, 0% used [0x00000000fdc80000,0x00000000fdc80000,0x00000000fe680000)
 ParOldGen       total 44544K, used 16536K [0x00000000e0000000, 0x00000000e2b80000, 0x00000000f5500000)
  object space 44544K, 37% used [0x00000000e0000000,0x00000000e1026218,0x00000000e2b80000)
 PSPermGen       total 33280K, used 32780K [0x00000000d5a00000, 0x00000000d7a80000, 0x00000000e0000000)
  object space 33280K, 98% used [0x00000000d5a00000,0x00000000d7a03138,0x00000000d7a80000)
GC Heap History (10 events):
Event: 1.904 GC heap before
{Heap before GC invocations=2 (full 0):
 PSYoungGen      total 19968K, used 19968K [0x00000000f5500000, 0x00000000f7c00000, 0x0000000100000000)
  eden space 17408K, 100% used [0x00000000f5500000,0x00000000f6600000,0x00000000f6600000)
  from space 2560K, 100% used [0x00000000f6600000,0x00000000f6880000,0x00000000f6880000)
  to   space 2560K, 0% used [0x00000000f7980000,0x00000000f7980000,0x00000000f7c00000)
 ParOldGen       total 44544K, used 707K [0x00000000e0000000, 0x00000000e2b80000, 0x00000000f5500000)
  object space 44544K, 1% used [0x00000000e0000000,0x00000000e00b0f98,0x00000000e2b80000)
 PSPermGen       total 21504K, used 12396K [0x00000000d5a00000, 0x00000000d6f00000, 0x00000000e0000000)
  object space 21504K, 57% used [0x00000000d5a00000,0x00000000d661b140,0x00000000d6f00000)
Event: 1.912 GC heap after
Heap after GC invocations=2 (full 0):
 PSYoungGen      total 37376K, used 2560K [0x00000000f5500000, 0x00000000f7c00000, 0x0000000100000000)
  eden space 34816K, 0% used [0x00000000f5500000,0x00000000f5500000,0x00000000f7700000)
  from space 2560K, 100% used [0x00000000f7980000,0x00000000f7c00000,0x00000000f7c00000)
  to   space 2560K, 0% used [0x00000000f7700000,0x00000000f7700000,0x00000000f7980000)
 ParOldGen       total 44544K, used 2931K [0x00000000e0000000, 0x00000000e2b80000, 0x00000000f5500000)
  object space 44544K, 6% used [0x00000000e0000000,0x00000000e02dced8,0x00000000e2b80000)
 PSPermGen       total 21504K, used 12396K [0x00000000d5a00000, 0x00000000d6f00000, 0x00000000e0000000)
  object space 21504K, 57% used [0x00000000d5a00000,0x00000000d661b140,0x00000000d6f00000)
}
Event: 2.564 GC heap before
{Heap before GC invocations=3 (full 0):
 PSYoungGen      total 37376K, used 37376K [0x00000000f5500000, 0x00000000f7c00000, 0x0000000100000000)
  eden space 34816K, 100% used [0x00000000f5500000,0x00000000f7700000,0x00000000f7700000)
  from space 2560K, 100% used [0x00000000f7980000,0x00000000f7c00000,0x00000000f7c00000)
  to   space 2560K, 0% used [0x00000000f7700000,0x00000000f7700000,0x00000000f7980000)
 ParOldGen       total 44544K, used 2931K [0x00000000e0000000, 0x00000000e2b80000, 0x00000000f5500000)
  object space 44544K, 6% used [0x00000000e0000000,0x00000000e02dced8,0x00000000e2b80000)
 PSPermGen       total 21504K, used 17150K [0x00000000d5a00000, 0x00000000d6f00000, 0x00000000e0000000)
  object space 21504K, 79% used [0x00000000d5a00000,0x00000000d6abfb58,0x00000000d6f00000)
Event: 2.573 GC heap after
Heap after GC invocations=3 (full 0):
 PSYoungGen      total 37376K, used 2528K [0x00000000f5500000, 0x00000000f9e00000, 0x0000000100000000)
  eden space 34816K, 0% used [0x00000000f5500000,0x00000000f5500000,0x00000000f7700000)
  from space 2560K, 98% used [0x00000000f7700000,0x00000000f7978020,0x00000000f7980000)
  to   space 2560K, 0% used [0x00000000f9b80000,0x00000000f9b80000,0x00000000f9e00000)
 ParOldGen       total 44544K, used 7256K [0x00000000e0000000, 0x00000000e2b80000, 0x00000000f5500000)
  object space 44544K, 16% used [0x00000000e0000000,0x00000000e07162d8,0x00000000e2b80000)
 PSPermGen       total 21504K, used 17150K [0x00000000d5a00000, 0x00000000d6f00000, 0x00000000e0000000)
  object space 21504K, 79% used [0x00000000d5a00000,0x00000000d6abfb58,0x00000000d6f00000)
}
Event: 3.534 GC heap before
{Heap before GC invocations=4 (full 0):
 PSYoungGen      total 37376K, used 37344K [0x00000000f5500000, 0x00000000f9e00000, 0x0000000100000000)
  eden space 34816K, 100% used [0x00000000f5500000,0x00000000f7700000,0x00000000f7700000)
  from space 2560K, 98% used [0x00000000f7700000,0x00000000f7978020,0x00000000f7980000)
  to   space 2560K, 0% used [0x00000000f9b80000,0x00000000f9b80000,0x00000000f9e00000)
 ParOldGen       total 44544K, used 7256K [0x00000000e0000000, 0x00000000e2b80000, 0x00000000f5500000)
  object space 44544K, 16% used [0x00000000e0000000,0x00000000e07162d8,0x00000000e2b80000)
 PSPermGen       total 21504K, used 18710K [0x00000000d5a00000, 0x00000000d6f00000, 0x00000000e0000000)
  object space 21504K, 87% used [0x00000000d5a00000,0x00000000d6c458a0,0x00000000d6f00000)
Event: 3.550 GC heap after
Heap after GC invocations=4 (full 0):
 PSYoungGen      total 72192K, used 2560K [0x00000000f5500000, 0x00000000f9e00000, 0x0000000100000000)
  eden space 69632K, 0% used [0x00000000f5500000,0x00000000f5500000,0x00000000f9900000)
  from space 2560K, 100% used [0x00000000f9b80000,0x00000000f9e00000,0x00000000f9e00000)
  to   space 2560K, 0% used [0x00000000f9900000,0x00000000f9900000,0x00000000f9b80000)
 ParOldGen       total 44544K, used 12085K [0x00000000e0000000, 0x00000000e2b80000, 0x00000000f5500000)
  object space 44544K, 27% used [0x00000000e0000000,0x00000000e0bcd7f0,0x00000000e2b80000)
 PSPermGen       total 21504K, used 18710K [0x00000000d5a00000, 0x00000000d6f00000, 0x00000000e0000000)
  object space 21504K, 87% used [0x00000000d5a00000,0x00000000d6c458a0,0x00000000d6f00000)
}
Event: 11.023 GC heap before
{Heap before GC invocations=5 (full 0):
 PSYoungGen      total 72192K, used 72192K [0x00000000f5500000, 0x00000000f9e00000, 0x0000000100000000)
  eden space 69632K, 100% used [0x00000000f5500000,0x00000000f9900000,0x00000000f9900000)
  from space 2560K, 100% used [0x00000000f9b80000,0x00000000f9e00000,0x00000000f9e00000)
  to   space 2560K, 0% used [0x00000000f9900000,0x00000000f9900000,0x00000000f9b80000)
 ParOldGen       total 44544K, used 12085K [0x00000000e0000000, 0x00000000e2b80000, 0x00000000f5500000)
  object space 44544K, 27% used [0x00000000e0000000,0x00000000e0bcd7f0,0x00000000e2b80000)
 PSPermGen       total 23552K, used 23401K [0x00000000d5a00000, 0x00000000d7100000, 0x00000000e0000000)
  object space 23552K, 99% used [0x00000000d5a00000,0x00000000d70da460,0x00000000d7100000)
Event: 11.037 GC heap after
Heap after GC invocations=5 (full 0):
 PSYoungGen      total 72192K, used 2560K [0x00000000f5500000, 0x00000000ff000000, 0x0000000100000000)
  eden space 69632K, 0% used [0x00000000f5500000,0x00000000f5500000,0x00000000f9900000)
  from space 2560K, 100% used [0x00000000f9900000,0x00000000f9b80000,0x00000000f9b80000)
  to   space 9728K, 0% used [0x00000000fe680000,0x00000000fe680000,0x00000000ff000000)
 ParOldGen       total 44544K, used 16536K [0x00000000e0000000, 0x00000000e2b80000, 0x00000000f5500000)
  object space 44544K, 37% used [0x00000000e0000000,0x00000000e1026218,0x00000000e2b80000)
 PSPermGen       total 23552K, used 23401K [0x00000000d5a00000, 0x00000000d7100000, 0x00000000e0000000)
  object space 23552K, 99% used [0x00000000d5a00000,0x00000000d70da460,0x00000000d7100000)
}
Event: 12.450 GC heap before
{Heap before GC invocations=6 (full 0):
 PSYoungGen      total 72192K, used 72192K [0x00000000f5500000, 0x00000000ff000000, 0x0000000100000000)
  eden space 69632K, 100% used [0x00000000f5500000,0x00000000f9900000,0x00000000f9900000)
  from space 2560K, 100% used [0x00000000f9900000,0x00000000f9b80000,0x00000000f9b80000)
  to   space 9728K, 0% used [0x00000000fe680000,0x00000000fe680000,0x00000000ff000000)
 ParOldGen       total 44544K, used 16536K [0x00000000e0000000, 0x00000000e2b80000, 0x00000000f5500000)
  object space 44544K, 37% used [0x00000000e0000000,0x00000000e1026218,0x00000000e2b80000)
 PSPermGen       total 29696K, used 29596K [0x00000000d5a00000, 0x00000000d7700000, 0x00000000e0000000)
  object space 29696K, 99% used [0x00000000d5a00000,0x00000000d76e72e8,0x00000000d7700000)
Event: 12.470 GC heap after
Heap after GC invocations=6 (full 0):
 PSYoungGen      total 148480K, used 8183K [0x00000000f5500000, 0x00000000ff100000, 0x0000000100000000)
  eden space 138752K, 0% used [0x00000000f5500000,0x00000000f5500000,0x00000000fdc80000)
  from space 9728K, 84% used [0x00000000fe680000,0x00000000fee7dd20,0x00000000ff000000)
  to   space 10240K, 0% used [0x00000000fdc80000,0x00000000fdc80000,0x00000000fe680000)
 ParOldGen       total 44544K, used 16536K [0x00000000e0000000, 0x00000000e2b80000, 0x00000000f5500000)
  object space 44544K, 37% used [0x00000000e0000000,0x00000000e1026218,0x00000000e2b80000)
 PSPermGen       total 29696K, used 29596K [0x00000000d5a00000, 0x00000000d7700000, 0x00000000e0000000)
  object space 29696K, 99% used [0x00000000d5a00000,0x00000000d76e72e8,0x00000000d7700000)
}

